-------------------------------------------------------------------------------
Test set: calculation.AddClassTest
-------------------------------------------------------------------------------
Tests run: 1, Failures: 1, Errors: 0, Skipped: 0, Time elapsed: 0.029 s <<< FAILURE! - in calculation.AddClassTest
add  Time elapsed: 0.029 s  <<< FAILURE!
org.opentest4j.AssertionFailedError: expected: <20> but was: <23>
	at calculation.AddClassTest.add(AddClassTest.java:12)

